<?xml version="1.0" encoding="UTF-8"?>
<testsuite name="com.getwiki.testing.TestingApplicationTest" tests="1" skipped="0" failures="0" errors="0" timestamp="2022-03-07T01:37:34" hostname="UPU" time="0.008">
  <properties/>
  <testcase name="contextLoads()" classname="com.getwiki.testing.TestingApplicationTest" time="0.008"/>
  <system-out><![CDATA[20:37:31.525 [Test worker] DEBUG org.springframework.test.context.BootstrapUtils - Instantiating CacheAwareContextLoaderDelegate from class [org.springframework.test.context.cache.DefaultCacheAwareContextLoaderDelegate]
20:37:31.555 [Test worker] DEBUG org.springframework.test.context.BootstrapUtils - Instantiating BootstrapContext using constructor [public org.springframework.test.context.support.DefaultBootstrapContext(java.lang.Class,org.springframework.test.context.CacheAwareContextLoaderDelegate)]
20:37:31.650 [Test worker] DEBUG org.springframework.test.context.BootstrapUtils - Instantiating TestContextBootstrapper for test class [com.getwiki.testing.TestingApplicationTest] from class [org.springframework.boot.test.context.SpringBootTestContextBootstrapper]
20:37:31.667 [Test worker] INFO org.springframework.boot.test.context.SpringBootTestContextBootstrapper - Neither @ContextConfiguration nor @ContextHierarchy found for test class [com.getwiki.testing.TestingApplicationTest], using SpringBootContextLoader
20:37:31.673 [Test worker] DEBUG org.springframework.test.context.support.AbstractContextLoader - Did not detect default resource location for test class [com.getwiki.testing.TestingApplicationTest]: class path resource [com/getwiki/testing/TestingApplicationTest-context.xml] does not exist
20:37:31.675 [Test worker] DEBUG org.springframework.test.context.support.AbstractContextLoader - Did not detect default resource location for test class [com.getwiki.testing.TestingApplicationTest]: class path resource [com/getwiki/testing/TestingApplicationTestContext.groovy] does not exist
20:37:31.676 [Test worker] INFO org.springframework.test.context.support.AbstractContextLoader - Could not detect default resource locations for test class [com.getwiki.testing.TestingApplicationTest]: no resource found for suffixes {-context.xml, Context.groovy}.
20:37:31.678 [Test worker] INFO org.springframework.test.context.support.AnnotationConfigContextLoaderUtils - Could not detect default configuration classes for test class [com.getwiki.testing.TestingApplicationTest]: TestingApplicationTest does not declare any static, non-private, non-final, nested classes annotated with @Configuration.
20:37:31.744 [Test worker] DEBUG org.springframework.test.context.support.ActiveProfilesUtils - Could not find an 'annotation declaring class' for annotation type [org.springframework.test.context.ActiveProfiles] and class [com.getwiki.testing.TestingApplicationTest]
20:37:31.830 [Test worker] DEBUG org.springframework.context.annotation.ClassPathScanningCandidateComponentProvider - Identified candidate component class: file [/home/ping/Documents/testing/build/classes/java/main/com/getwiki/testing/TestingApplication.class]
20:37:31.844 [Test worker] INFO org.springframework.boot.test.context.SpringBootTestContextBootstrapper - Found @SpringBootConfiguration com.getwiki.testing.TestingApplication for test class com.getwiki.testing.TestingApplicationTest
20:37:31.953 [Test worker] DEBUG org.springframework.boot.test.context.SpringBootTestContextBootstrapper - @TestExecutionListeners is not present for class [com.getwiki.testing.TestingApplicationTest]: using defaults.
20:37:31.953 [Test worker] INFO org.springframework.boot.test.context.SpringBootTestContextBootstrapper - Loaded default TestExecutionListener class names from location [META-INF/spring.factories]: [org.springframework.boot.test.autoconfigure.restdocs.RestDocsTestExecutionListener, org.springframework.boot.test.autoconfigure.web.client.MockRestServiceServerResetTestExecutionListener, org.springframework.boot.test.autoconfigure.web.servlet.MockMvcPrintOnlyOnFailureTestExecutionListener, org.springframework.boot.test.autoconfigure.web.servlet.WebDriverTestExecutionListener, org.springframework.boot.test.autoconfigure.webservices.client.MockWebServiceServerTestExecutionListener, org.springframework.boot.test.mock.mockito.MockitoTestExecutionListener, org.springframework.boot.test.mock.mockito.ResetMocksTestExecutionListener, org.springframework.test.context.web.ServletTestExecutionListener, org.springframework.test.context.support.DirtiesContextBeforeModesTestExecutionListener, org.springframework.test.context.event.ApplicationEventsTestExecutionListener, org.springframework.test.context.support.DependencyInjectionTestExecutionListener, org.springframework.test.context.support.DirtiesContextTestExecutionListener, org.springframework.test.context.transaction.TransactionalTestExecutionListener, org.springframework.test.context.jdbc.SqlScriptsTestExecutionListener, org.springframework.test.context.event.EventPublishingTestExecutionListener]
20:37:31.965 [Test worker] DEBUG org.springframework.boot.test.context.SpringBootTestContextBootstrapper - Skipping candidate TestExecutionListener [org.springframework.test.context.transaction.TransactionalTestExecutionListener] due to a missing dependency. Specify custom listener classes or make the default listener classes and their required dependencies available. Offending class: [org/springframework/transaction/interceptor/TransactionAttributeSource]
20:37:31.966 [Test worker] DEBUG org.springframework.boot.test.context.SpringBootTestContextBootstrapper - Skipping candidate TestExecutionListener [org.springframework.test.context.jdbc.SqlScriptsTestExecutionListener] due to a missing dependency. Specify custom listener classes or make the default listener classes and their required dependencies available. Offending class: [org/springframework/transaction/interceptor/TransactionAttribute]
20:37:31.967 [Test worker] INFO org.springframework.boot.test.context.SpringBootTestContextBootstrapper - Using TestExecutionListeners: [org.springframework.test.context.web.ServletTestExecutionListener@23f3dbf0, org.springframework.test.context.support.DirtiesContextBeforeModesTestExecutionListener@31d6f3fe, org.springframework.test.context.event.ApplicationEventsTestExecutionListener@760cf594, org.springframework.boot.test.mock.mockito.MockitoTestExecutionListener@aa149ed, org.springframework.boot.test.autoconfigure.SpringBootDependencyInjectionTestExecutionListener@37303f12, org.springframework.test.context.support.DirtiesContextTestExecutionListener@31ff6309, org.springframework.test.context.event.EventPublishingTestExecutionListener@204e90f7, org.springframework.boot.test.autoconfigure.restdocs.RestDocsTestExecutionListener@20a05b32, org.springframework.boot.test.autoconfigure.web.client.MockRestServiceServerResetTestExecutionListener@165e389b, org.springframework.boot.test.autoconfigure.web.servlet.MockMvcPrintOnlyOnFailureTestExecutionListener@5c73f672, org.springframework.boot.test.autoconfigure.web.servlet.WebDriverTestExecutionListener@8ee0c23, org.springframework.boot.test.autoconfigure.webservices.client.MockWebServiceServerTestExecutionListener@2ab5afc7, org.springframework.boot.test.mock.mockito.ResetMocksTestExecutionListener@4dc8c0ea]
20:37:31.971 [Test worker] DEBUG org.springframework.test.context.support.AbstractDirtiesContextTestExecutionListener - Before test class: context [DefaultTestContext@782bf610 testClass = TestingApplicationTest, testInstance = [null], testMethod = [null], testException = [null], mergedContextConfiguration = [WebMergedContextConfiguration@3db663d0 testClass = TestingApplicationTest, locations = '{}', classes = '{class com.getwiki.testing.TestingApplication}', contextInitializerClasses = '[]', activeProfiles = '{}', propertySourceLocations = '{}', propertySourceProperties = '{org.springframework.boot.test.context.SpringBootTestContextBootstrapper=true}', contextCustomizers = set[org.springframework.boot.test.autoconfigure.actuate.metrics.MetricsExportContextCustomizerFactory$DisableMetricExportContextCustomizer@108531c2, org.springframework.boot.test.autoconfigure.properties.PropertyMappingContextCustomizer@0, org.springframework.boot.test.autoconfigure.web.servlet.WebDriverContextCustomizerFactory$Customizer@1b005a0b, org.springframework.boot.test.context.filter.ExcludeFilterContextCustomizer@6e0f7aad, org.springframework.boot.test.json.DuplicateJsonObjectContextCustomizerFactory$DuplicateJsonObjectContextCustomizer@42e22a53, org.springframework.boot.test.mock.mockito.MockitoContextCustomizer@0, org.springframework.boot.test.web.client.TestRestTemplateContextCustomizer@65fd6708, org.springframework.boot.test.context.SpringBootTestArgs@1, org.springframework.boot.test.context.SpringBootTestWebEnvironment@38102d01], resourceBasePath = 'src/main/webapp', contextLoader = 'org.springframework.boot.test.context.SpringBootContextLoader', parent = [null]], attributes = map['org.springframework.test.context.web.ServletTestExecutionListener.activateListener' -> true]], class annotated with @DirtiesContext [false] with mode [null].

  .   ____          _            __ _ _
 /\\ / ___'_ __ _ _(_)_ __  __ _ \ \ \ \
( ( )\___ | '_ | '_| | '_ \/ _` | \ \ \ \
 \\/  ___)| |_)| | | | | || (_| |  ) ) ) )
  '  |____| .__|_| |_|_| |_\__, | / / / /
 =========|_|==============|___/=/_/_/_/
 :: Spring Boot ::                (v2.6.4)

2022-03-06 20:37:32.476  INFO 56820 --- [    Test worker] c.g.testing.TestingApplicationTest       : Starting TestingApplicationTest using Java 11.0.13 on UPU with PID 56820 (started by ping in /home/ping/Documents/testing)
2022-03-06 20:37:32.479  INFO 56820 --- [    Test worker] c.g.testing.TestingApplicationTest       : No active profile set, falling back to 1 default profile: "default"
2022-03-06 20:37:34.104  INFO 56820 --- [    Test worker] c.g.testing.TestingApplicationTest       : Started TestingApplicationTest in 2.086 seconds (JVM running for 4.832)
]]></system-out>
  <system-err><![CDATA[]]></system-err>
</testsuite>
